build/app/intermediates/manifest_merge_blame_file/release/manifest-merger-blame-release-report.txt
1<?xml version="1.0" encoding="utf-8"?>
2<manifest xmlns:android="http://schemas.android.com/apk/res/android"
3    package="com.example.apps"
4    android:versionCode="1"
5    android:versionName="1.0.0" >
6
7    <uses-sdk
8        android:minSdkVersion="21"
9        android:targetSdkVersion="34" />
10
11    <uses-permission android:name="android.permission.WRITE_EXTERNAL_STORAGE" />
11-->src\main\AndroidManifest.xml:2:5-80
11-->src\main\AndroidManifest.xml:2:22-78
12    <uses-permission android:name="android.permission.READ_EXTERNAL_STORAGE" />
12-->src\main\AndroidManifest.xml:3:5-79
12-->src\main\AndroidManifest.xml:3:22-77
13    <!--
14         Required to query activities that can process text, see:
15         https://developer.android.com/training/package-visibility and
16         https://developer.android.com/reference/android/content/Intent#ACTION_PROCESS_TEXT.
17
18         In particular, this is used by the Flutter engine in io.flutter.plugin.text.ProcessTextPlugin.
19    -->
20    <queries>
20-->src\main\AndroidManifest.xml:41:5-46:15
21        <intent>
21-->src\main\AndroidManifest.xml:42:9-45:18
22            <action android:name="android.intent.action.PROCESS_TEXT" />
22-->src\main\AndroidManifest.xml:43:13-72
22-->src\main\AndroidManifest.xml:43:21-70
23
24            <data android:mimeType="text/plain" />
24-->src\main\AndroidManifest.xml:44:13-50
24-->src\main\AndroidManifest.xml:44:19-48
25        </intent>
26    </queries>
27
28    <uses-permission android:name="android.permission.INTERNET" />
28-->[:google_sign_in_android] AndroidManifest.xml:7:5-67
28-->[:google_sign_in_android] AndroidManifest.xml:7:22-64
29
30    <permission
30-->[androidx.core:core:1.13.1] AndroidManifest.xml:22:5-24:47
31        android:name="com.example.apps.DYNAMIC_RECEIVER_NOT_EXPORTED_PERMISSION"
31-->[androidx.core:core:1.13.1] AndroidManifest.xml:23:9-81
32        android:protectionLevel="signature" />
32-->[androidx.core:core:1.13.1] AndroidManifest.xml:24:9-44
33
34    <uses-permission android:name="com.example.apps.DYNAMIC_RECEIVER_NOT_EXPORTED_PERMISSION" />
34-->[androidx.core:core:1.13.1] AndroidManifest.xml:26:5-97
34-->[androidx.core:core:1.13.1] AndroidManifest.xml:26:22-94
35
36    <application
37        android:name="android.app.Application"
37-->src\main\AndroidManifest.xml:6:9-42
38        android:appComponentFactory="androidx.core.app.CoreComponentFactory"
38-->[androidx.core:core:1.13.1] AndroidManifest.xml:28:18-86
39        android:extractNativeLibs="true"
40        android:icon="@drawable/launcher_icon"
40-->src\main\AndroidManifest.xml:7:9-47
41        android:label="Certani" >
41-->src\main\AndroidManifest.xml:5:9-32
42        <activity
42-->src\main\AndroidManifest.xml:8:9-29:20
43            android:name="com.example.apps.MainActivity"
43-->src\main\AndroidManifest.xml:9:13-41
44            android:configChanges="orientation|keyboardHidden|keyboard|screenSize|smallestScreenSize|locale|layoutDirection|fontScale|screenLayout|density|uiMode"
44-->src\main\AndroidManifest.xml:14:13-163
45            android:exported="true"
45-->src\main\AndroidManifest.xml:10:13-36
46            android:hardwareAccelerated="true"
46-->src\main\AndroidManifest.xml:15:13-47
47            android:launchMode="singleTop"
47-->src\main\AndroidManifest.xml:11:13-43
48            android:taskAffinity=""
48-->src\main\AndroidManifest.xml:12:13-36
49            android:theme="@style/LaunchTheme"
49-->src\main\AndroidManifest.xml:13:13-47
50            android:windowSoftInputMode="adjustResize" >
50-->src\main\AndroidManifest.xml:16:13-55
51
52            <!--
53                 Specifies an Android theme to apply to this Activity as soon as
54                 the Android process has started. This theme is visible to the user
55                 while the Flutter UI initializes. After that, this theme continues
56                 to determine the Window background behind the Flutter UI.
57            -->
58            <meta-data
58-->src\main\AndroidManifest.xml:21:13-24:17
59                android:name="io.flutter.embedding.android.NormalTheme"
59-->src\main\AndroidManifest.xml:22:15-70
60                android:resource="@style/NormalTheme" />
60-->src\main\AndroidManifest.xml:23:15-52
61
62            <intent-filter>
62-->src\main\AndroidManifest.xml:25:13-28:29
63                <action android:name="android.intent.action.MAIN" />
63-->src\main\AndroidManifest.xml:26:17-68
63-->src\main\AndroidManifest.xml:26:25-66
64
65                <category android:name="android.intent.category.LAUNCHER" />
65-->src\main\AndroidManifest.xml:27:17-76
65-->src\main\AndroidManifest.xml:27:27-74
66            </intent-filter>
67        </activity>
68        <!--
69             Don't delete the meta-data below.
70             This is used by the Flutter tool to generate GeneratedPluginRegistrant.java
71        -->
72        <meta-data
72-->src\main\AndroidManifest.xml:32:9-34:33
73            android:name="flutterEmbedding"
73-->src\main\AndroidManifest.xml:33:13-44
74            android:value="2" />
74-->src\main\AndroidManifest.xml:34:13-30
75
76        <provider
76-->[:image_picker_android] AndroidManifest.xml:9:9-17:20
77            android:name="io.flutter.plugins.imagepicker.ImagePickerFileProvider"
77-->[:image_picker_android] AndroidManifest.xml:10:13-82
78            android:authorities="com.example.apps.flutter.image_provider"
78-->[:image_picker_android] AndroidManifest.xml:11:13-74
79            android:exported="false"
79-->[:image_picker_android] AndroidManifest.xml:12:13-37
80            android:grantUriPermissions="true" >
80-->[:image_picker_android] AndroidManifest.xml:13:13-47
81            <meta-data
81-->[:image_picker_android] AndroidManifest.xml:14:13-16:75
82                android:name="android.support.FILE_PROVIDER_PATHS"
82-->[:image_picker_android] AndroidManifest.xml:15:17-67
83                android:resource="@xml/flutter_image_picker_file_paths" />
83-->[:image_picker_android] AndroidManifest.xml:16:17-72
84        </provider> <!-- Trigger Google Play services to install the backported photo picker module. -->
85        <service
85-->[:image_picker_android] AndroidManifest.xml:19:9-31:19
86            android:name="com.google.android.gms.metadata.ModuleDependencies"
86-->[:image_picker_android] AndroidManifest.xml:20:13-78
87            android:enabled="false"
87-->[:image_picker_android] AndroidManifest.xml:21:13-36
88            android:exported="false" >
88-->[:image_picker_android] AndroidManifest.xml:22:13-37
89            <intent-filter>
89-->[:image_picker_android] AndroidManifest.xml:24:13-26:29
90                <action android:name="com.google.android.gms.metadata.MODULE_DEPENDENCIES" />
90-->[:image_picker_android] AndroidManifest.xml:25:17-94
90-->[:image_picker_android] AndroidManifest.xml:25:25-91
91            </intent-filter>
92
93            <meta-data
93-->[:image_picker_android] AndroidManifest.xml:28:13-30:36
94                android:name="photopicker_activity:0:required"
94-->[:image_picker_android] AndroidManifest.xml:29:17-63
95                android:value="" />
95-->[:image_picker_android] AndroidManifest.xml:30:17-33
96        </service>
97
98        <provider
98-->[:printing] AndroidManifest.xml:8:9-16:20
99            android:name="net.nfet.flutter.printing.PrintFileProvider"
99-->[:printing] AndroidManifest.xml:9:13-71
100            android:authorities="com.example.apps.flutter.printing"
100-->[:printing] AndroidManifest.xml:10:13-68
101            android:exported="false"
101-->[:printing] AndroidManifest.xml:11:13-37
102            android:grantUriPermissions="true" >
102-->[:printing] AndroidManifest.xml:12:13-47
103            <meta-data
103-->[:image_picker_android] AndroidManifest.xml:14:13-16:75
104                android:name="android.support.FILE_PROVIDER_PATHS"
104-->[:image_picker_android] AndroidManifest.xml:15:17-67
105                android:resource="@xml/flutter_printing_file_paths" />
105-->[:image_picker_android] AndroidManifest.xml:16:17-72
106        </provider>
107
108        <activity
108-->[com.google.android.gms:play-services-auth:21.0.0] AndroidManifest.xml:23:9-27:75
109            android:name="com.google.android.gms.auth.api.signin.internal.SignInHubActivity"
109-->[com.google.android.gms:play-services-auth:21.0.0] AndroidManifest.xml:24:13-93
110            android:excludeFromRecents="true"
110-->[com.google.android.gms:play-services-auth:21.0.0] AndroidManifest.xml:25:13-46
111            android:exported="false"
111-->[com.google.android.gms:play-services-auth:21.0.0] AndroidManifest.xml:26:13-37
112            android:theme="@android:style/Theme.Translucent.NoTitleBar" />
112-->[com.google.android.gms:play-services-auth:21.0.0] AndroidManifest.xml:27:13-72
113        <!--
114            Service handling Google Sign-In user revocation. For apps that do not integrate with
115            Google Sign-In, this service will never be started.
116        -->
117        <service
117-->[com.google.android.gms:play-services-auth:21.0.0] AndroidManifest.xml:33:9-37:51
118            android:name="com.google.android.gms.auth.api.signin.RevocationBoundService"
118-->[com.google.android.gms:play-services-auth:21.0.0] AndroidManifest.xml:34:13-89
119            android:exported="true"
119-->[com.google.android.gms:play-services-auth:21.0.0] AndroidManifest.xml:35:13-36
120            android:permission="com.google.android.gms.auth.api.signin.permission.REVOCATION_NOTIFICATION"
120-->[com.google.android.gms:play-services-auth:21.0.0] AndroidManifest.xml:36:13-107
121            android:visibleToInstantApps="true" />
121-->[com.google.android.gms:play-services-auth:21.0.0] AndroidManifest.xml:37:13-48
122
123        <activity
123-->[com.google.android.gms:play-services-base:18.0.1] AndroidManifest.xml:20:9-22:45
124            android:name="com.google.android.gms.common.api.GoogleApiActivity"
124-->[com.google.android.gms:play-services-base:18.0.1] AndroidManifest.xml:20:19-85
125            android:exported="false"
125-->[com.google.android.gms:play-services-base:18.0.1] AndroidManifest.xml:22:19-43
126            android:theme="@android:style/Theme.Translucent.NoTitleBar" />
126-->[com.google.android.gms:play-services-base:18.0.1] AndroidManifest.xml:21:19-78
127
128        <meta-data
128-->[com.google.android.gms:play-services-basement:18.2.0] AndroidManifest.xml:21:9-23:69
129            android:name="com.google.android.gms.version"
129-->[com.google.android.gms:play-services-basement:18.2.0] AndroidManifest.xml:22:13-58
130            android:value="@integer/google_play_services_version" />
130-->[com.google.android.gms:play-services-basement:18.2.0] AndroidManifest.xml:23:13-66
131
132        <uses-library
132-->[androidx.window:window:1.2.0] AndroidManifest.xml:23:9-25:40
133            android:name="androidx.window.extensions"
133-->[androidx.window:window:1.2.0] AndroidManifest.xml:24:13-54
134            android:required="false" />
134-->[androidx.window:window:1.2.0] AndroidManifest.xml:25:13-37
135        <uses-library
135-->[androidx.window:window:1.2.0] AndroidManifest.xml:26:9-28:40
136            android:name="androidx.window.sidecar"
136-->[androidx.window:window:1.2.0] AndroidManifest.xml:27:13-51
137            android:required="false" />
137-->[androidx.window:window:1.2.0] AndroidManifest.xml:28:13-37
138
139        <provider
139-->[androidx.lifecycle:lifecycle-process:2.7.0] AndroidManifest.xml:24:9-32:20
140            android:name="androidx.startup.InitializationProvider"
140-->[androidx.lifecycle:lifecycle-process:2.7.0] AndroidManifest.xml:25:13-67
141            android:authorities="com.example.apps.androidx-startup"
141-->[androidx.lifecycle:lifecycle-process:2.7.0] AndroidManifest.xml:26:13-68
142            android:exported="false" >
142-->[androidx.lifecycle:lifecycle-process:2.7.0] AndroidManifest.xml:27:13-37
143            <meta-data
143-->[androidx.lifecycle:lifecycle-process:2.7.0] AndroidManifest.xml:29:13-31:52
144                android:name="androidx.lifecycle.ProcessLifecycleInitializer"
144-->[androidx.lifecycle:lifecycle-process:2.7.0] AndroidManifest.xml:30:17-78
145                android:value="androidx.startup" />
145-->[androidx.lifecycle:lifecycle-process:2.7.0] AndroidManifest.xml:31:17-49
146            <meta-data
146-->[androidx.profileinstaller:profileinstaller:1.3.1] AndroidManifest.xml:29:13-31:52
147                android:name="androidx.profileinstaller.ProfileInstallerInitializer"
147-->[androidx.profileinstaller:profileinstaller:1.3.1] AndroidManifest.xml:30:17-85
148                android:value="androidx.startup" />
148-->[androidx.profileinstaller:profileinstaller:1.3.1] AndroidManifest.xml:31:17-49
149        </provider>
150
151        <receiver
151-->[androidx.profileinstaller:profileinstaller:1.3.1] AndroidManifest.xml:34:9-52:20
152            android:name="androidx.profileinstaller.ProfileInstallReceiver"
152-->[androidx.profileinstaller:profileinstaller:1.3.1] AndroidManifest.xml:35:13-76
153            android:directBootAware="false"
153-->[androidx.profileinstaller:profileinstaller:1.3.1] AndroidManifest.xml:36:13-44
154            android:enabled="true"
154-->[androidx.profileinstaller:profileinstaller:1.3.1] AndroidManifest.xml:37:13-35
155            android:exported="true"
155-->[androidx.profileinstaller:profileinstaller:1.3.1] AndroidManifest.xml:38:13-36
156            android:permission="android.permission.DUMP" >
156-->[androidx.profileinstaller:profileinstaller:1.3.1] AndroidManifest.xml:39:13-57
157            <intent-filter>
157-->[androidx.profileinstaller:profileinstaller:1.3.1] AndroidManifest.xml:40:13-42:29
158                <action android:name="androidx.profileinstaller.action.INSTALL_PROFILE" />
158-->[androidx.profileinstaller:profileinstaller:1.3.1] AndroidManifest.xml:41:17-91
158-->[androidx.profileinstaller:profileinstaller:1.3.1] AndroidManifest.xml:41:25-88
159            </intent-filter>
160            <intent-filter>
160-->[androidx.profileinstaller:profileinstaller:1.3.1] AndroidManifest.xml:43:13-45:29
161                <action android:name="androidx.profileinstaller.action.SKIP_FILE" />
161-->[androidx.profileinstaller:profileinstaller:1.3.1] AndroidManifest.xml:44:17-85
161-->[androidx.profileinstaller:profileinstaller:1.3.1] AndroidManifest.xml:44:25-82
162            </intent-filter>
163            <intent-filter>
163-->[androidx.profileinstaller:profileinstaller:1.3.1] AndroidManifest.xml:46:13-48:29
164                <action android:name="androidx.profileinstaller.action.SAVE_PROFILE" />
164-->[androidx.profileinstaller:profileinstaller:1.3.1] AndroidManifest.xml:47:17-88
164-->[androidx.profileinstaller:profileinstaller:1.3.1] AndroidManifest.xml:47:25-85
165            </intent-filter>
166            <intent-filter>
166-->[androidx.profileinstaller:profileinstaller:1.3.1] AndroidManifest.xml:49:13-51:29
167                <action android:name="androidx.profileinstaller.action.BENCHMARK_OPERATION" />
167-->[androidx.profileinstaller:profileinstaller:1.3.1] AndroidManifest.xml:50:17-95
167-->[androidx.profileinstaller:profileinstaller:1.3.1] AndroidManifest.xml:50:25-92
168            </intent-filter>
169        </receiver>
170    </application>
171
172</manifest>